<?xml version="1.0" encoding="UTF-8"?>
<testng-results skipped="0" failed="0" ignored="0" total="1" passed="1">
  <reporter-output>
  </reporter-output>
  <suite name="WiniumTests" duration-ms="35892" started-at="2022-02-10T06:56:49Z" finished-at="2022-02-10T06:57:25Z">
    <groups>
    </groups>
    <test name="SimpleWiniumTest" duration-ms="35892" started-at="2022-02-10T06:56:49Z" finished-at="2022-02-10T06:57:25Z">
      <class name="WiniumTest">
        <test-method status="PASS" signature="setupEnvironment()[pri:0, instance:WiniumTest@647e447]" name="setupEnvironment" is-config="true" duration-ms="2882" started-at="2022-02-10T06:56:49Z" finished-at="2022-02-10T06:56:52Z">
          <reporter-output>
          </reporter-output>
        </test-method> <!-- setupEnvironment -->
        <test-method status="PASS" signature="calculatorTest()[pri:0, instance:WiniumTest@647e447]" name="calculatorTest" duration-ms="28677" started-at="2022-02-10T06:56:52Z" finished-at="2022-02-10T06:57:21Z">
          <reporter-output>
          </reporter-output>
        </test-method> <!-- calculatorTest -->
        <test-method status="PASS" signature="tearDown()[pri:0, instance:WiniumTest@647e447]" name="tearDown" is-config="true" duration-ms="4076" started-at="2022-02-10T06:57:21Z" finished-at="2022-02-10T06:57:25Z">
          <reporter-output>
          </reporter-output>
        </test-method> <!-- tearDown -->
      </class> <!-- WiniumTest -->
    </test> <!-- SimpleWiniumTest -->
  </suite> <!-- WiniumTests -->
</testng-results>
